
> @lolos/web@0.1.0 build D:\Project\cv-builder\apps\web
> next build

  ▲ Next.js 14.2.35

   Creating an optimized production build ...
(node:25368) [DEP0040] DeprecationWarning: The `punycode` module is deprecated. Please use a userland alternative instead.
(Use `node --trace-deprecation ...` to show where the warning was created)
(node:52108) [DEP0040] DeprecationWarning: The `punycode` module is deprecated. Please use a userland alternative instead.
(Use `node --trace-deprecation ...` to show where the warning was created)
 ✓ Compiled successfully
   Linting and checking validity of types ...
   Collecting page data ...
   Generating static pages (0/4) ...
   Generating static pages (1/4) 
   Generating static pages (2/4) 
   Generating static pages (3/4) 
 ✓ Generating static pages (4/4)
   Finalizing page optimization ...
   Collecting build traces ...

Route (app)                              Size     First Load JS
┌ ○ /                                    63.3 kB         151 kB
└ ○ /_not-found                          872 B          88.1 kB
+ First Load JS shared by all            87.2 kB
  ├ chunks/5b8f0dd8-dcb4dfab7f3f9cf5.js  53.6 kB
  ├ chunks/749-c3c6a649b028c872.js       31.7 kB
  └ other shared chunks (total)          1.86 kB


○  (Static)  prerendered as static content

